C251 COMPILER V5.60.0,  SEEKFREE_IMU660RA                                                  06/04/23  23:11:21  PAGE 1   


C251 COMPILER V5.60.0, COMPILATION OF MODULE SEEKFREE_IMU660RA
OBJECT MODULE PLACED IN .\Out_File\SEEKFREE_IMU660RA.obj
COMPILER INVOKED BY: F:\MDK\C251\BIN\C251.EXE ..\..\Libraries\seekfree_peripheral\SEEKFREE_IMU660RA.c XSMALL INTR2 WARNI
                    -NGLEVEL(3) BROWSE INCDIR(..\..\Libraries\libraries;..\..\Libraries\seekfree_libraries;..\..\Libraries\seekfree_periphera
                    -l;..\CODE;..\USER\inc;..\USER\src) DEBUG PRINT(.\Out_File\SEEKFREE_IMU660RA.lst) TABS(2) OBJECT(.\Out_File\SEEKFREE_IMU6
                    -60RA.obj) 

stmt  level    source

    1          /********************************************************************************************************
             -*************
    2          * MM32F327X-G9P Opensourec Library å³ï¼ˆMM32F327X-G9P å¼€æºåº“ï¼‰æ˜¯ä¸€ä¸ªåŸºäºå®˜æ–¹ SDK æ¥å£çš„ç¬¬
             -ä¸‰æ–¹å¼€æºåº“
    3          * Copyright (c) 2022 SEEKFREE é€é£ç§‘æŠ€
    4          * 
    5          * æœ¬æ–‡ä»¶æ˜¯ MM32F327X-G9P å¼€æºåº“çš„ä¸€éƒ¨åˆ†
    6          * 
    7          * MM32F327X-G9P å¼€æºåº“ æ˜¯å…è´¹è½¯ä»¶
    8          * æ‚¨å¯ä»¥æ ¹æ®è‡ªç”±è½¯ä»¶åŸºé‡‘ä¼šå‘å¸ƒçš„ GPLï¼ˆGNU General Public Licenseï¼Œå³ GNUé€šç”¨å…¬å…±è®¸
             -å¯è¯ï¼‰çš„æ¡æ¬¾
    9          * å³ GPL çš„ç¬¬3ç‰ˆï¼ˆå³ GPL3.0ï¼‰æˆ–ï¼ˆæ‚¨é€‰æ‹©çš„ï¼‰ä»»ä½•åæ¥çš„ç‰ˆæœ¬ï¼Œé‡æ–°å‘å¸ƒå’Œ/æˆ–ä¿®æ”
             -¹å®ƒ
   10          * 
   11          * æœ¬å¼€æºåº“çš„å‘å¸ƒæ˜¯å¸Œæœ›å®ƒèƒ½å‘æŒ¥ä½œç”¨ï¼Œä½†å¹¶æœªå¯¹å…¶ä½œä»»ä½•çš„ä¿è¯
   12          * ç”šè‡³æ²¡æœ‰éšå«çš„é€‚é”€æ€§æˆ–é€‚åˆç‰¹å®šç”¨é€”çš„ä¿è¯
   13          * æ›´å¤šç»†èŠ‚è¯·å‚è§ GPL
   14          * 
   15          * æ‚¨åº”è¯¥åœ¨æ”¶åˆ°æœ¬å¼€æºåº“çš„åŒæ—¶æ”¶åˆ°ä¸€ä»½ GPL çš„å‰¯æœ¬
   16          * å¦‚æœæ²¡æœ‰ï¼Œè¯·å‚é˜…<https://www.gnu.org/licenses/>
   17          * 
   18          * é¢å¤–æ³¨æ˜ï¼š
   19          * æœ¬å¼€æºåº“ä½¿ç”¨ GPL3.0 å¼€æºè®¸å¯è¯åè®® ä»¥ä¸Šè®¸å¯ç”³æ˜ä¸ºè¯‘æ–‡ç‰ˆæœ¬
   20          * è®¸å¯ç”³æ˜è‹±æ–‡ç‰ˆåœ¨ libraries/doc æ–‡ä»¶å¤¹ä¸‹çš„ GPL3_permission_statement.txt æ–‡ä»¶ä¸­
   21          * è®¸å¯è¯å‰¯æœ¬åœ¨ libraries æ–‡ä»¶å¤¹ä¸‹ å³è¯¥æ–‡ä»¶å¤¹ä¸‹çš„ LICENSE æ–‡ä»¶
   22          * æ¬¢è¿å„ä½ä½¿ç”¨å¹¶ä¼ æ’­æœ¬ç¨‹åº ä½†ä¿®æ”¹å†…å®¹æ—¶å¿…é¡»ä¿ç•™é€é£ç§‘æŠ€çš„ç‰ˆæƒå£°æ˜ï¼ˆå³æœ¬
             -å£°æ˜ï¼‰
   23          * 
   24          * æ–‡ä»¶åç§°          zf_device_imu660ra
   25          * å…¬å¸åç§°          æˆéƒ½é€é£ç§‘æŠ€æœ‰é™å…¬å¸
   26          * ç‰ˆæœ¬ä¿¡æ¯          æŸ¥çœ‹ libraries/doc æ–‡ä»¶å¤¹å†… version æ–‡ä»¶ ç‰ˆæœ¬è¯´æ˜
   27          * é€‚ç”¨å¹³å°          MM32F327X_G9P
   28          * åº—é“ºé“¾æ¥          https://seekfree.taobao.com/
   29          * 
   30          * ä¿®æ”¹è®°å½•
   31          * æ—¥æœŸ              ä½œè€…                å¤‡æ³¨
   32          * 2022-09-15        pudding             first version
   33          *********************************************************************************************************
             -***********/
   34          /********************************************************************************************************
             -*************
   35          * æ¥çº¿å®šä¹‰ï¼š
   36          *                   ------------------------------------
   37          *                   æ¨¡å—ç®¡è„š            å•ç‰‡æœºç®¡è„š
   38          *                   // ç¡¬ä»¶ SPI å¼•è„š
   39          *                   SCL/SPC           æŸ¥çœ‹ zf_device_imu660ra.h ä¸­ IMU660RA_SPC_PIN å®å®šä¹‰
   40          *                   SDA/DSI           æŸ¥çœ‹ zf_device_imu660ra.h ä¸­ IMU660RA_SDI_PIN å®å®šä¹‰
   41          *                   SA0/SDO           æŸ¥çœ‹ zf_device_imu660ra.h ä¸­ IMU660RA_SDO_PIN å®å®šä¹‰
   42          *                   CS                æŸ¥çœ‹ zf_device_imu660ra.h ä¸­ IMU660RA_CS_PIN å®å®šä¹‰
   43          *                   VCC               3.3Vç”µæº
   44          *                   GND               ç”µæºåœ°
   45          *                   å…¶ä½™å¼•è„šæ‚¬ç©º
   46          *
   47          *                   // è½¯ä»¶ IIC å¼•è„š
   48          *                   SCL/SPC           æŸ¥çœ‹ zf_device_imu660ra.h ä¸­ IMU660RA_SCL_PIN å®å®šä¹‰
   49          *                   SDA/DSI           æŸ¥çœ‹ zf_device_imu660ra.h ä¸­ IMU660RA_SDA_PIN å®å®šä¹‰
C251 COMPILER V5.60.0,  SEEKFREE_IMU660RA                                                  06/04/23  23:11:21  PAGE 2   

   50          *                   VCC               3.3Vç”µæº
   51          *                   GND               ç”µæºåœ°
   52          *                   å…¶ä½™å¼•è„šæ‚¬ç©º
   53          *                   ------------------------------------
   54          *********************************************************************************************************
             -***********/
   55          
   56          #include "SEEKFREE_IMU660RA.h"
   57          
   58          #include "SEEKFREE_CONFIG.h"
   59          
   60          #include "zf_delay.h"
   61          #include "zf_spi.h"
   62          
   63          
   64          #pragma warning disable = 177
   65          #pragma warning disable = 183
   66          
   67          
   68          int16 imu660ra_gyro_x = 0, imu660ra_gyro_y = 0, imu660ra_gyro_z = 0;            // ä¸‰è½´é™€èºä»ªæ•°æ® 
             -  gyro (é™€èºä»ª)
   69          int16 imu660ra_acc_x = 0, imu660ra_acc_y = 0, imu660ra_acc_z = 0;               // ä¸‰è½´åŠ é€Ÿåº¦è®¡æ•°æ
             -® acc  (accelerometer åŠ é€Ÿåº¦è®¡)
   70          
   71          #if IMU660RA_USE_SOFT_IIC
               
               #define GET_IMU660RA_SDA          IMU660RA_SDA_PIN
               #define IMU660RA_SCL_LOW()            IMU660RA_SCL_PIN = 0    //IOå£è¾“å‡ºä½ç”µå¹³
               #define IMU660RA_SCL_HIGH()           IMU660RA_SCL_PIN = 1    //IOå£è¾“å‡ºé«˜ç”µå¹³
               #define IMU660RA_SDA_LOW()            IMU660RA_SDA_PIN = 0    //IOå£è¾“å‡ºä½ç”µå¹³
               #define IMU660RA_SDA_HIGH()           IMU660RA_SDA_PIN = 1    //IOå£è¾“å‡ºé«˜ç”µå¹³
               
               
               #define ack 1      //ä¸»åº”ç­”
               #define no_ack 0   //ä»åº”ç­”  
               
               //-------------------------------------------------------------------------------------------------------
             -------------
               //  @brief      æ¨¡æ‹ŸIICå»¶æ—¶
               //  @return     void            
               //  @since      v1.0
               //  Sample usage:       å¦‚æœIICé€šè®¯å¤±è´¥å¯ä»¥å°è¯•å¢åŠ jçš„å€¼
               //-------------------------------------------------------------------------------------------------------
             -------------
               static void imu660ra_simiic_delay(void)
               {
                   uint16 j=IMU660RA_SOFT_IIC_DELAY;   
                 while(j--);
               }
               
               //å†…éƒ¨ä½¿ç”¨ï¼Œç”¨æˆ·æ— éœ€è°ƒç”¨
               static void imu660ra_simiic_start(void)
               {
                 IMU660RA_SDA_HIGH();
                 IMU660RA_SCL_HIGH();
                 imu660ra_simiic_delay();
                 IMU660RA_SDA_LOW();
                 imu660ra_simiic_delay();
                 IMU660RA_SCL_LOW();
               }
               
               //å†…éƒ¨ä½¿ç”¨ï¼Œç”¨æˆ·æ— éœ€è°ƒç”¨
               static void imu660ra_simiic_stop(void)
               {
                 IMU660RA_SDA_LOW();
                 IMU660RA_SCL_LOW();
C251 COMPILER V5.60.0,  SEEKFREE_IMU660RA                                                  06/04/23  23:11:21  PAGE 3   

                 imu660ra_simiic_delay();
                 IMU660RA_SCL_HIGH();
                 imu660ra_simiic_delay();
                 IMU660RA_SDA_HIGH();
                 imu660ra_simiic_delay();
               }
               
               //ä¸»åº”ç­”(åŒ…å«ack:SDA=0å’Œno_ack:SDA=0)
               //å†…éƒ¨ä½¿ç”¨ï¼Œç”¨æˆ·æ— éœ€è°ƒç”¨
               static void imu660ra_simiic_sendack(unsigned char ack_dat)
               {
                   IMU660RA_SCL_LOW();
                 imu660ra_simiic_delay();
                 if(ack_dat) IMU660RA_SDA_LOW();
                   else      IMU660RA_SDA_HIGH();
               
                   IMU660RA_SCL_HIGH();
                   imu660ra_simiic_delay();
                   IMU660RA_SCL_LOW();
                   imu660ra_simiic_delay();
               }
               
               
               static int imu660ra_sccb_waitack(void)
               {
                   IMU660RA_SCL_LOW();
               
                 imu660ra_simiic_delay();
                 
                 IMU660RA_SCL_HIGH();
                   imu660ra_simiic_delay();
                 
                   if(GET_IMU660RA_SDA)           //åº”ç­”ä¸ºé«˜ç”µå¹³ï¼Œå¼‚å¸¸ï¼Œé€šä¿¡å¤±è´¥
                   {
               
                       IMU660RA_SCL_LOW();
                       return 0;
                   }
               
                   IMU660RA_SCL_LOW();
                 imu660ra_simiic_delay();
                   return 1;
               }
               
               //å­—èŠ‚å‘é€ç¨‹åº
               //å‘é€c(å¯ä»¥æ˜¯æ•°æ®ä¹Ÿå¯æ˜¯åœ°å€)ï¼Œé€å®Œåæ¥æ”¶ä»åº”ç­”
               //ä¸è€ƒè™‘ä»åº”ç­”ä½
               //å†…éƒ¨ä½¿ç”¨ï¼Œç”¨æˆ·æ— éœ€è°ƒç”¨
               static void imu660ra_send_ch(uint8 c)
               {
                 uint8 i = 8;
                   while(i--)
                   {
                       if(c & 0x80)  IMU660RA_SDA_HIGH();//SDA è¾“å‡ºæ•°æ®
                       else      IMU660RA_SDA_LOW();
                       c <<= 1;
                       imu660ra_simiic_delay();
                       IMU660RA_SCL_HIGH();                //SCL æ‹‰é«˜ï¼Œé‡‡é›†ä¿¡å·
                       imu660ra_simiic_delay();
                       IMU660RA_SCL_LOW();                //SCL æ—¶é’Ÿçº¿æ‹‰ä½
                   }
                 imu660ra_sccb_waitack();
               }
               
               
               //å­—èŠ‚æ¥æ”¶ç¨‹åº
C251 COMPILER V5.60.0,  SEEKFREE_IMU660RA                                                  06/04/23  23:11:21  PAGE 4   

               //æ¥æ”¶å™¨ä»¶ä¼ æ¥çš„æ•°æ®ï¼Œæ­¤ç¨‹åºåº”é…åˆ|ä¸»åº”ç­”å‡½æ•°|ä½¿ç”¨
               //å†…éƒ¨ä½¿ç”¨ï¼Œç”¨æˆ·æ— éœ€è°ƒç”¨
               static uint8 imu660ra_read_ch(uint8 ack_x)
               {
                   uint8 i;
                   uint8 c;
                   c=0;
                   IMU660RA_SCL_LOW();
                   imu660ra_simiic_delay();
                   IMU660RA_SDA_HIGH();             
               
                   for(i=0;i<8;i++)
                   {
                       imu660ra_simiic_delay();
                       IMU660RA_SCL_LOW();         //ç½®æ—¶é’Ÿçº¿ä¸ºä½ï¼Œå‡†å¤‡æ¥æ”¶æ•°æ®ä½
                       imu660ra_simiic_delay();
                       IMU660RA_SCL_HIGH();         //ç½®æ—¶é’Ÿçº¿ä¸ºé«˜ï¼Œä½¿æ•°æ®çº¿ä¸Šæ•°æ®æœ‰æ•ˆ
                       imu660ra_simiic_delay();
                       c<<=1;
                       if(GET_IMU660RA_SDA) 
                       {
                           c+=1;   //è¯»æ•°æ®ä½ï¼Œå°†æ¥æ”¶çš„æ•°æ®å­˜c
                       }
                   }
               
                 IMU660RA_SCL_LOW();
                 imu660ra_simiic_delay();
                 imu660ra_simiic_sendack(ack_x);
                 
                   return c;
               }
               
               
               //-------------------------------------------------------------------------------------------------------
             -------------
               //  @brief      æ¨¡æ‹ŸIICå†™æ•°æ®åˆ°è®¾å¤‡å¯„å­˜å™¨å‡½æ•°
               //  @param      dev_add     è®¾å¤‡åœ°å€(ä½ä¸ƒä½åœ°å€)
               //  @param      reg       å¯„å­˜å™¨åœ°å€
               //  @param      dat       å†™å…¥çš„æ•°æ®
               //  @return     void            
               //  @since      v1.0
               //  Sample usage:       
               //-------------------------------------------------------------------------------------------------------
             -------------
               static void imu660ra_simiic_write_reg(uint8 dev_add, uint8 reg, uint8 dat)
               {
                 imu660ra_simiic_start();
                   imu660ra_send_ch( (dev_add<<1) | 0x00);   //å‘é€å™¨ä»¶åœ°å€åŠ å†™ä½
                 imu660ra_send_ch( reg );           //å‘é€ä»æœºå¯„å­˜å™¨åœ°å€
                 imu660ra_send_ch( dat );           //å‘é€éœ€è¦å†™å…¥çš„æ•°æ®
                 imu660ra_simiic_stop();
               }
               
               //-------------------------------------------------------------------------------------------------------
             -------------
               //  @brief      æ¨¡æ‹ŸIICå†™æ•°æ®åˆ°è®¾å¤‡å¯„å­˜å™¨å‡½æ•°
               //  @param      dev_add     è®¾å¤‡åœ°å€(ä½ä¸ƒä½åœ°å€)
               //  @param      reg       å¯„å­˜å™¨åœ°å€
               //  @param      dat       å†™å…¥çš„æ•°æ®
               //  @return     void            
               //  @since      v1.0
               //  Sample usage:       
               //-------------------------------------------------------------------------------------------------------
             -------------
               static void imu660ra_simiic_write_regs(uint8 dev_add, uint8 reg, uint8 *dat, uint32 len)
               {
C251 COMPILER V5.60.0,  SEEKFREE_IMU660RA                                                  06/04/23  23:11:21  PAGE 5   

                 uint16 i = 0;
                 imu660ra_simiic_start();
                   imu660ra_send_ch( (dev_add<<1) | 0x00);   //å‘é€å™¨ä»¶åœ°å€åŠ å†™ä½
                 imu660ra_send_ch( reg );           //å‘é€ä»æœºå¯„å­˜å™¨åœ°å€
               
                 while(len--)
                 {
                   imu660ra_send_ch( *dat++ );            //å‘é€éœ€è¦å†™å…¥çš„æ•°æ®
                 }
               
                 
                 imu660ra_simiic_stop();
               }
               //-------------------------------------------------------------------------------------------------------
             -------------
               //  @brief      æ¨¡æ‹ŸIICä»è®¾å¤‡å¯„å­˜å™¨è¯»å–æ•°æ®
               //  @param      dev_add     è®¾å¤‡åœ°å€(ä½ä¸ƒä½åœ°å€)
               //  @param      reg       å¯„å­˜å™¨åœ°å€
               //  @param      type      é€‰æ‹©é€šä¿¡æ–¹å¼æ˜¯IIC  è¿˜æ˜¯ SCCB
               //  @return     uint8     è¿”å›å¯„å­˜å™¨çš„æ•°æ®      
               //  @since      v1.0
               //  Sample usage:       
               //-------------------------------------------------------------------------------------------------------
             -------------
               static uint8 imu660ra_simiic_read_reg(uint8 dev_add, uint8 reg)
               {
                 uint8 dat;
                 imu660ra_simiic_start();
                   imu660ra_send_ch( (dev_add<<1) | 0x00);  //å‘é€å™¨ä»¶åœ°å€åŠ å†™ä½
                 imu660ra_send_ch( reg );          //å‘é€ä»æœºå¯„å­˜å™¨åœ°å€
                 
                 imu660ra_simiic_start();
                 imu660ra_send_ch( (dev_add<<1) | 0x01);  //å‘é€å™¨ä»¶åœ°å€åŠ è¯»ä½
                 dat = imu660ra_read_ch(no_ack);           //è¯»å–æ•°æ®
                 imu660ra_simiic_stop();
                 
                 return dat;
               }
               
               //-------------------------------------------------------------------------------------------------------
             -------------
               //  @brief      æ¨¡æ‹ŸIICè¯»å–å¤šå­—èŠ‚æ•°æ®
               //  @param      dev_add     è®¾å¤‡åœ°å€(ä½ä¸ƒä½åœ°å€)
               //  @param      reg       å¯„å­˜å™¨åœ°å€
               //  @param      dat_add     æ•°æ®ä¿å­˜çš„åœ°å€æŒ‡é’ˆ
               //  @param      num       è¯»å–å­—èŠ‚æ•°é‡
               //  @param      type      é€‰æ‹©é€šä¿¡æ–¹å¼æ˜¯IIC  è¿˜æ˜¯ SCCB
               //  @return     uint8     è¿”å›å¯„å­˜å™¨çš„æ•°æ®      
               //  @since      v1.0
               //  Sample usage:       
               //-------------------------------------------------------------------------------------------------------
             -------------
               static void imu660ra_simiic_read_regs(uint8 dev_add, uint8 reg, uint8 *dat_add, uint32 num)
               {
                 imu660ra_simiic_start();
                   imu660ra_send_ch( (dev_add<<1) | 0x00);  //å‘é€å™¨ä»¶åœ°å€åŠ å†™ä½
                 imu660ra_send_ch( reg );          //å‘é€ä»æœºå¯„å­˜å™¨åœ°å€
                 
                 imu660ra_simiic_start();
                 imu660ra_send_ch( (dev_add<<1) | 0x01);  //å‘é€å™¨ä»¶åœ°å€åŠ è¯»ä½
                   while(--num)
                   {
                       *dat_add = imu660ra_read_ch(ack); //è¯»å–æ•°æ®
                       dat_add++;
                   }
                   *dat_add = imu660ra_read_ch(no_ack); //è¯»å–æ•°æ®
C251 COMPILER V5.60.0,  SEEKFREE_IMU660RA                                                  06/04/23  23:11:21  PAGE 6   

                 imu660ra_simiic_stop();
               }
               
               #define imu660ra_write_register(reg, dat)        (imu660ra_simiic_write_reg(IMU660RA_DEV_ADDR, (reg), (da
             -t)))
               #define imu660ra_write_registers(reg, dat, len)  (imu660ra_simiic_write_regs(IMU660RA_DEV_ADDR, (reg), (d
             -at), (len)))
               #define imu660ra_read_register(reg)              (imu660ra_simiic_read_reg(IMU660RA_DEV_ADDR, (reg)))
               #define imu660ra_read_registers(reg, dat, len)   (imu660ra_simiic_read_regs(IMU660RA_DEV_ADDR, (reg), (da
             -t), (len)))
               
               #else
  310          
  311          
  312          #define IMU660RA_SCK(x)       IMU660RA_SPC_PIN  = x
  313          #define IMU660RA_MOSI(x)      IMU660RA_SDI_PIN = x
  314          #define IMU660RA_CS(x)        IMU660RA_CS_PIN  = x
  315          #define IMU660RA_MISO         IMU660RA_SDO_PIN 
  316          
  317          
  318          //-------------------------------------------------------------------------------------------------------
             -------------
  319          //  @brief      é€šè¿‡SPIå†™ä¸€ä¸ªbyte,åŒæ—¶è¯»å–ä¸€ä¸ªbyte
  320          //  @param      byte        å‘é€çš„æ•°æ®    
  321          //  @return     uint8       return è¿”å›statusçŠ¶æ€
  322          //  @since      v1.0
  323          //  Sample usage:
  324          //-------------------------------------------------------------------------------------------------------
             -------------
  325          static uint8 imu660ra_simspi_wr_byte(uint8 byte)
  326          {
  327   1          uint8 i;
  328   1        
  329   1          for(i=0; i<8; i++)
  330   1          {
  331   2              IMU660RA_MOSI(byte&0x80);
  332   2              byte <<= 1;
  333   2          IMU660RA_SCK (0);
  334   2          IMU660RA_SCK (0);
  335   2          IMU660RA_SCK (1);
  336   2          IMU660RA_SCK (1);
  337   2          
  338   2          byte |= IMU660RA_MISO; 
  339   2          } 
  340   1          return(byte);                                         
  341   1      }
  342          //-------------------------------------------------------------------------------------------------------
             -------------
  343          //  @brief      å°†valå†™å…¥cmdå¯¹åº”çš„å¯„å­˜å™¨åœ°å€,åŒæ—¶è¿”å›statuså­—èŠ‚
  344          //  @param      cmd         å‘½ä»¤å­—
  345          //  @param      val         å¾…å†™å…¥å¯„å­˜å™¨çš„æ•°å€¼
  346          //  @since      v1.0
  347          //  Sample usage:
  348          //-------------------------------------------------------------------------------------------------------
             -------------
  349          static void imu660ra_simspi_w_reg_byte(uint8 cmd, uint8 val)
  350          {
  351   1          cmd |= IMU660RA_SPI_W;
  352   1          imu660ra_simspi_wr_byte(cmd);                       
  353   1          imu660ra_simspi_wr_byte(val);                                                                   
  354   1      }
  355          
  356          
  357          //-------------------------------------------------------------------------------------------------------
             -------------
  358          //  @brief      å°†valå†™å…¥cmdå¯¹åº”çš„å¯„å­˜å™¨åœ°å€
C251 COMPILER V5.60.0,  SEEKFREE_IMU660RA                                                  06/04/23  23:11:21  PAGE 7   

  359          //  @param      cmd         å‘½ä»¤å­—
  360          //  @param      val         å¾…å†™å…¥å¯„å­˜å™¨çš„æ•°å€¼
  361          //  @since      v1.0
  362          //  Sample usage:
  363          //-------------------------------------------------------------------------------------------------------
             -------------
  364          static void imu660ra_simspi_w_reg_bytes(uint8 cmd, uint8 *dat_addr, uint32 len)
  365          {
  366   1          cmd |= IMU660RA_SPI_W;
  367   1          imu660ra_simspi_wr_byte(cmd);   
  368   1        while(len--)
  369   1        {
  370   2          imu660ra_simspi_wr_byte(*dat_addr++);   
  371   2        }                                                                 
  372   1      }
  373          
  374          //-------------------------------------------------------------------------------------------------------
             -------------
  375          //  @brief      è¯»å–cmdæ‰€å¯¹åº”çš„å¯„å­˜å™¨åœ°å€
  376          //  @param      cmd         å‘½ä»¤å­—
  377          //  @param      *val        å­˜å‚¨è¯»å–çš„æ•°æ®åœ°å€
  378          //  @since      v1.0
  379          //  Sample usage:
  380          //-------------------------------------------------------------------------------------------------------
             -------------
  381          //static void imu660ra_simspi_r_reg_byte(uint8 cmd, uint8 *val)
  382          //{
  383          //    IMU660RA_CS(0);
  384          //    cmd |= IMU660RA_SPI_R;
  385          //    imu660ra_simspi_wr_byte(cmd);                                 
  386          //    *val = imu660ra_simspi_wr_byte(0);                            
  387          //    IMU660RA_CS(1);                                     
  388          //}
  389          
  390          //-------------------------------------------------------------------------------------------------------
             -------------
  391          //  @brief      è¯»å–cmdæ‰€å¯¹åº”çš„å¯„å­˜å™¨åœ°å€
  392          //  @param      cmd         å‘½ä»¤å­—
  393          //  @param      *val        å­˜å‚¨è¯»å–çš„æ•°æ®åœ°å€
  394          //  @param      num         è¯»å–çš„æ•°é‡
  395          //  @since      v1.0
  396          //  Sample usage:
  397          //-------------------------------------------------------------------------------------------------------
             -------------
  398          static void imu660ra_simspi_r_reg_bytes(uint8 cmd, uint8 *val, uint32 num)
  399          {
  400   1          cmd |= IMU660RA_SPI_R;
  401   1          imu660ra_simspi_wr_byte(cmd);
  402   1        
  403   1        while(num--)
  404   1        {
  405   2          *val++ = imu660ra_simspi_wr_byte(0);
  406   2        }
  407   1      }
  408          
  409          
  410          //-------------------------------------------------------------------------------------------------------
             -------------
  411          // å‡½æ•°ç®€ä»‹     IMU660RA å†™å¯„å­˜å™¨
  412          // å‚æ•°è¯´æ˜     reg             å¯„å­˜å™¨åœ°å€
  413          // å‚æ•°è¯´æ˜     dat            æ•°æ®
  414          // è¿”å›å‚æ•°     void
  415          // ä½¿ç”¨ç¤ºä¾‹     imu660ra_write_register(IMU660RA_PWR_CONF, 0x00);                   // å…³é—­é«˜çº§çœ
             -ç”µæ¨¡å¼
  416          // å¤‡æ³¨ä¿¡æ¯     å†…éƒ¨è°ƒç”¨
  417          //-------------------------------------------------------------------------------------------------------
C251 COMPILER V5.60.0,  SEEKFREE_IMU660RA                                                  06/04/23  23:11:21  PAGE 8   

             -------------
  418          static void imu660ra_write_register(uint8 reg, uint8 dat)
  419          {
  420   1          IMU660RA_CS(0);
  421   1          imu660ra_simspi_w_reg_byte(reg | IMU660RA_SPI_W, dat);
  422   1          IMU660RA_CS(1);
  423   1      }
  424          
  425          //-------------------------------------------------------------------------------------------------------
             -------------
  426          // å‡½æ•°ç®€ä»‹     IMU660RA å†™æ•°æ®
  427          // å‚æ•°è¯´æ˜     reg             å¯„å­˜å™¨åœ°å€
  428          // å‚æ•°è¯´æ˜     dat            æ•°æ®
  429          // è¿”å›å‚æ•°     void
  430          // ä½¿ç”¨ç¤ºä¾‹     imu660ra_write_registers(IMU660RA_INIT_dat, imu660ra_config_file, sizeof(imu660ra_con
             -fig_file));
  431          // å¤‡æ³¨ä¿¡æ¯     å†…éƒ¨è°ƒç”¨
  432          //-------------------------------------------------------------------------------------------------------
             -------------
  433          static void imu660ra_write_registers(uint8 reg, const uint8 *dat, uint32 len)
  434          {
  435   1          IMU660RA_CS(0);
  436   1      
  437   1          imu660ra_simspi_w_reg_bytes(reg | IMU660RA_SPI_W, dat, len);
  438   1          IMU660RA_CS(1);
  439   1      }
  440          
  441          //-------------------------------------------------------------------------------------------------------
             -------------
  442          // å‡½æ•°ç®€ä»‹     IMU660RA è¯»å¯„å­˜å™¨
  443          // å‚æ•°è¯´æ˜     reg             å¯„å­˜å™¨åœ°å€
  444          // è¿”å›å‚æ•°     uint8           æ•°æ®
  445          // ä½¿ç”¨ç¤ºä¾‹     imu660ra_read_register(IMU660RA_CHIP_ID);
  446          // å¤‡æ³¨ä¿¡æ¯     å†…éƒ¨è°ƒç”¨
  447          //-------------------------------------------------------------------------------------------------------
             -------------
  448          static uint8 imu660ra_read_register(uint8 reg)
  449          {
  450   1          uint8 dat[2];
  451   1          IMU660RA_CS(0);
  452   1          imu660ra_simspi_r_reg_bytes(reg | IMU660RA_SPI_R, dat, 2);
  453   1          IMU660RA_CS(1);
  454   1          return dat[1];
  455   1      }
  456          
  457          //-------------------------------------------------------------------------------------------------------
             -------------
  458          // å‡½æ•°ç®€ä»‹     IMU660RA è¯»æ•°æ®
  459          // å‚æ•°è¯´æ˜     reg             å¯„å­˜å™¨åœ°å€
  460          // å‚æ•°è¯´æ˜     dat            æ•°æ®ç¼“å†²åŒº
  461          // å‚æ•°è¯´æ˜     len             æ•°æ®é•¿åº¦
  462          // è¿”å›å‚æ•°     void
  463          // ä½¿ç”¨ç¤ºä¾‹     imu660ra_read_registers(IMU660RA_ACC_ADDRESS, dat, 6);
  464          // å¤‡æ³¨ä¿¡æ¯     å†…éƒ¨è°ƒç”¨
  465          //-------------------------------------------------------------------------------------------------------
             -------------
  466          static void imu660ra_read_registers(uint8 reg, uint8 *dat, uint32 len)
  467          {
  468   1          IMU660RA_CS(0);
  469   1          imu660ra_simspi_r_reg_bytes(reg | IMU660RA_SPI_R, dat, len);
  470   1        IMU660RA_CS(1);
  471   1      }
  472          #endif
  473          
  474          //-------------------------------------------------------------------------------------------------------
             -------------
C251 COMPILER V5.60.0,  SEEKFREE_IMU660RA                                                  06/04/23  23:11:21  PAGE 9   

  475          // å‡½æ•°ç®€ä»‹     IMU660RA è‡ªæ£€
  476          // å‚æ•°è¯´æ˜     void
  477          // è¿”å›å‚æ•°     uint8           1-è‡ªæ£€å¤±è´¥ 0-è‡ªæ£€æˆåŠŸ
  478          // ä½¿ç”¨ç¤ºä¾‹     imu660ra_self_check();
  479          // å¤‡æ³¨ä¿¡æ¯     å†…éƒ¨è°ƒç”¨
  480          //-------------------------------------------------------------------------------------------------------
             -------------
  481          static uint8 imu660ra_self_check (void)
  482          {
  483   1          uint8 dat = 0, return_state = 0;
  484   1          uint16 timeout_count = 0;
  485   1          do
  486   1          {
  487   2              if(timeout_count ++ > IMU660RA_TIMEOUT_COUNT)
  488   2              {
  489   3                  return_state =  1;
  490   3                  break;
  491   3              }
  492   2              dat = imu660ra_read_register(IMU660RA_CHIP_ID);
  493   2              delay_ms(1);
  494   2          }while(0x24 != dat);                                                        // è¯»å–è®¾å¤‡IDæ˜¯å¦ç­
             -‰äº0X24ï¼Œå¦‚æœä¸æ˜¯0X24åˆ™è®¤ä¸ºæ²¡æ£€æµ‹åˆ°è®¾å¤‡
  495   1          return return_state;
  496   1      }
  497          
  498          //-------------------------------------------------------------------------------------------------------
             -------------
  499          // å‡½æ•°ç®€ä»‹     è·å– IMU660RA åŠ é€Ÿåº¦è®¡æ•°æ®
  500          // å‚æ•°è¯´æ˜     void
  501          // è¿”å›å‚æ•°     void
  502          // ä½¿ç”¨ç¤ºä¾‹     imu660ra_get_acc();                                             // æ‰§è¡Œè¯¥å‡½æ•°å
             -ï¼Œç›´æ¥æŸ¥çœ‹å¯¹åº”çš„å˜é‡å³å¯
  503          // å¤‡æ³¨ä¿¡æ¯     ä½¿ç”¨ SPI çš„é‡‡é›†æ—¶é—´ä¸º69us
  504          //             ä½¿ç”¨ IIC çš„é‡‡é›†æ—¶é—´ä¸º126us        é‡‡é›†åŠ é€Ÿåº¦è®¡çš„æ—¶é—´ä¸é‡‡é›†é™€èºä»ªçš„
             -æ—¶é—´ä¸€è‡´çš„åŸå› æ˜¯éƒ½åªæ˜¯è¯»å–å¯„å­˜å™¨æ•°æ®
  505          //-------------------------------------------------------------------------------------------------------
             -------------
  506          void imu660ra_get_acc (void)
  507          {
  508   1      #if IMU660RA_USE_SOFT_IIC
                 uint8 dat[6];
                   imu660ra_read_registers(IMU660RA_ACC_ADDRESS, dat, 6);
                   imu660ra_acc_x = (int16)(((uint16)dat[1]<<8 | dat[0]));
                   imu660ra_acc_y = (int16)(((uint16)dat[3]<<8 | dat[2]));
                   imu660ra_acc_z = (int16)(((uint16)dat[5]<<8 | dat[4]));
               #else
  515   1        // SPIè¯»å–ç¬¬ä¸€ä¸ªåœ°å€ä¸ºç©º
  516   1        uint8 dat[7];
  517   1        imu660ra_read_registers(IMU660RA_ACC_ADDRESS, dat, 7);
  518   1          imu660ra_acc_x = (int16)(((uint16)dat[2]<<8 | dat[1]));
  519   1          imu660ra_acc_y = (int16)(((uint16)dat[4]<<8 | dat[3]));
  520   1          imu660ra_acc_z = (int16)(((uint16)dat[6]<<8 | dat[5]));
  521   1      #endif
  522   1      }
  523          //-------------------------------------------------------------------------------------------------------
             -------------
  524          // å‡½æ•°ç®€ä»‹     è·å– IMU660RA é™€èºä»ªæ•°æ®
  525          // å‚æ•°è¯´æ˜     void
  526          // è¿”å›å‚æ•°     void
  527          // ä½¿ç”¨ç¤ºä¾‹     imu660ra_get_gyro();                                            // æ‰§è¡Œè¯¥å‡½æ•°å
             -ï¼Œç›´æ¥æŸ¥çœ‹å¯¹åº”çš„å˜é‡å³å¯
  528          // å¤‡æ³¨ä¿¡æ¯     ä½¿ç”¨ SPI çš„é‡‡é›†æ—¶é—´ä¸º69us
  529          //             ä½¿ç”¨ IIC çš„é‡‡é›†æ—¶é—´ä¸º126us
  530          //-------------------------------------------------------------------------------------------------------
             -------------
  531          void imu660ra_get_gyro (void)
C251 COMPILER V5.60.0,  SEEKFREE_IMU660RA                                                  06/04/23  23:11:21  PAGE 10  

  532          {
  533   1      #if IMU660RA_USE_SOFT_IIC
                   uint8 dat[6];
                   imu660ra_read_registers(IMU660RA_GYRO_ADDRESS, dat, 6);
                   imu660ra_gyro_x = (int16)(((uint16)dat[1]<<8 | dat[0]));
                   imu660ra_gyro_y = (int16)(((uint16)dat[3]<<8 | dat[2]));
                   imu660ra_gyro_z = (int16)(((uint16)dat[5]<<8 | dat[4]));
               #else
  540   1        // SPIè¯»å–ç¬¬ä¸€ä¸ªåœ°å€ä¸ºç©º
  541   1        uint8 dat[7];
  542   1        imu660ra_read_registers(IMU660RA_GYRO_ADDRESS, dat, 7);
  543   1          imu660ra_gyro_x = (int16)(((uint16)dat[2]<<8 | dat[1]));
  544   1          imu660ra_gyro_y = (int16)(((uint16)dat[4]<<8 | dat[3]));
  545   1          imu660ra_gyro_z = (int16)(((uint16)dat[6]<<8 | dat[5]));
  546   1      #endif
  547   1      }
  548          
  549          //-------------------------------------------------------------------------------------------------------
             -------------
  550          // å‡½æ•°ç®€ä»‹     å°† IMU660RA åŠ é€Ÿåº¦è®¡æ•°æ®è½¬æ¢ä¸ºå®é™…ç‰©ç†æ•°æ®
  551          // å‚æ•°è¯´æ˜     gyro_value      ä»»æ„è½´çš„åŠ é€Ÿåº¦è®¡æ•°æ®
  552          // è¿”å›å‚æ•°     void
  553          // ä½¿ç”¨ç¤ºä¾‹     float dat = imu660ra_acc_transition(imu660ra_acc_x);           // å•ä½ä¸º g(m/s^2)
  554          // å¤‡æ³¨ä¿¡æ¯
  555          //-------------------------------------------------------------------------------------------------------
             -------------
  556          float imu660ra_acc_transition (int16 acc_value)
  557          {
  558   1          float acc_dat = 0;
  559   1          switch((uint8)IMU660RA_ACC_SAMPLE)
  560   1          {
  561   2              case 0x00: acc_dat = (float)acc_value / 16384; break;                  // 0x00 åŠ é€Ÿåº¦è®¡é‡ç¨‹
             -ä¸º:Â±2g     è·å–åˆ°çš„åŠ é€Ÿåº¦è®¡æ•°æ® é™¤ä»¥ 16384     å¯ä»¥è½¬åŒ–ä¸ºå¸¦ç‰©ç†å•ä½çš„æ•°æ® å•ä½ï¼šg(m/s^2)
  562   2              case 0x01: acc_dat = (float)acc_value / 8192; break;                   // 0x01 åŠ é€Ÿåº¦è®¡é‡ç¨‹
             -ä¸º:Â±4g     è·å–åˆ°çš„åŠ é€Ÿåº¦è®¡æ•°æ® é™¤ä»¥ 8192      å¯ä»¥è½¬åŒ–ä¸ºå¸¦ç‰©ç†å•ä½çš„æ•°æ® å•ä½ï¼šg(m/s^2)
  563   2              case 0x02: acc_dat = (float)acc_value / 4096; break;                   // 0x02 åŠ é€Ÿåº¦è®¡é‡ç¨‹
             -ä¸º:Â±8g     è·å–åˆ°çš„åŠ é€Ÿåº¦è®¡æ•°æ® é™¤ä»¥ 4096      å¯ä»¥è½¬åŒ–ä¸ºå¸¦ç‰©ç†å•ä½çš„æ•°æ® å•ä½ï¼šg(m/s^2)
  564   2              case 0x03: acc_dat = (float)acc_value / 2048; break;                   // 0x03 åŠ é€Ÿåº¦è®¡é‡ç¨‹
             -ä¸º:Â±16g    è·å–åˆ°çš„åŠ é€Ÿåº¦è®¡æ•°æ® é™¤ä»¥ 2048      å¯ä»¥è½¬åŒ–ä¸ºå¸¦ç‰©ç†å•ä½çš„æ•°æ® å•ä½ï¼šg(m/s^2)
  565   2              default: break;
  566   2          }
  567   1          return acc_dat;
  568   1      }
  569          
  570          //-------------------------------------------------------------------------------------------------------
             -------------
  571          // å‡½æ•°ç®€ä»‹     å°† IMU660RA é™€èºä»ªæ•°æ®è½¬æ¢ä¸ºå®é™…ç‰©ç†æ•°æ®
  572          // å‚æ•°è¯´æ˜     gyro_value      ä»»æ„è½´çš„é™€èºä»ªæ•°æ®
  573          // è¿”å›å‚æ•°     void
  574          // ä½¿ç”¨ç¤ºä¾‹     float dat = imu660ra_gyro_transition(imu660ra_gyro_x);         // å•ä½ä¸ºÂ°/s
  575          // å¤‡æ³¨ä¿¡æ¯
  576          //-------------------------------------------------------------------------------------------------------
             -------------
  577          float imu660ra_gyro_transition (int16 gyro_value)
  578          {
  579   1          float gyro_dat = 0;
  580   1          switch(IMU660RA_GYR_SAMPLE)
  581   1          {
  582   2              case 0x00: gyro_dat = (float)gyro_value / 16.4f;  break;               //  0x00 é™€èºä»ªé‡ç¨‹ä¸
             -º:Â±2000dps    è·å–åˆ°çš„é™€èºä»ªæ•°æ®é™¤ä»¥ 16.4    å¯ä»¥è½¬åŒ–ä¸ºå¸¦ç‰©ç†å•ä½çš„æ•°æ® å•ä½ä¸ºï¼šÂ°/s
  583   2              case 0x01: gyro_dat = (float)gyro_value / 32.8f;  break;               //  0x01 é™€èºä»ªé‡ç¨‹ä¸
             -º:Â±1000dps    è·å–åˆ°çš„é™€èºä»ªæ•°æ®é™¤ä»¥ 32.8    å¯ä»¥è½¬åŒ–ä¸ºå¸¦ç‰©ç†å•ä½çš„æ•°æ® å•ä½ä¸ºï¼šÂ°/s
  584   2              case 0x02: gyro_dat = (float)gyro_value / 65.6f;  break;               //  0x02 é™€èºä»ªé‡ç¨‹ä¸
             -º:Â±500 dps    è·å–åˆ°çš„é™€èºä»ªæ•°æ®é™¤ä»¥ 65.6    å¯ä»¥è½¬åŒ–ä¸ºå¸¦ç‰©ç†å•ä½çš„æ•°æ® å•ä½ä¸ºï¼šÂ°/s
  585   2              case 0x03: gyro_dat = (float)gyro_value / 131.2f; break;               //  0x03 é™€èºä»ªé‡ç¨‹ä¸
             -º:Â±250 dps    è·å–åˆ°çš„é™€èºä»ªæ•°æ®é™¤ä»¥ 131.2   å¯ä»¥è½¬åŒ–ä¸ºå¸¦ç‰©ç†å•ä½çš„æ•°æ® å•ä½ä¸ºï¼šÂ°/s
C251 COMPILER V5.60.0,  SEEKFREE_IMU660RA                                                  06/04/23  23:11:21  PAGE 11  

  586   2              case 0x04: gyro_dat = (float)gyro_value / 262.4f; break;               //  0x04 é™€èºä»ªé‡ç¨‹ä¸
             -º:Â±125 dps    è·å–åˆ°çš„é™€èºä»ªæ•°æ®é™¤ä»¥ 262.4   å¯ä»¥è½¬åŒ–ä¸ºå¸¦ç‰©ç†å•ä½çš„æ•°æ® å•ä½ä¸ºï¼šÂ°/s
  587   2              default: break;
  588   2          }
  589   1          return gyro_dat;
  590   1      }
  591          
  592          //-------------------------------------------------------------------------------------------------------
             -------------
  593          // å‡½æ•°ç®€ä»‹     åˆå§‹åŒ– IMU660RA
  594          // å‚æ•°è¯´æ˜     void
  595          // è¿”å›å‚æ•°     uint8           1-åˆå§‹åŒ–å¤±è´¥ 0-åˆå§‹åŒ–æˆåŠŸ
  596          // ä½¿ç”¨ç¤ºä¾‹     imu660ra_init();
  597          // å¤‡æ³¨ä¿¡æ¯
  598          //-------------------------------------------------------------------------------------------------------
             -------------
  599          uint8 imu660ra_init (void)
  600          {
  601   1          uint8 return_state = 0;
  602   1          delay_ms(20);                                                           // ç­‰å¾…è®¾å¤‡ä¸Šç”µæˆåŠŸ
  603   1      
  604   1      //#if IMU660RA_USE_SOFT_IIC 
  605   1      
  606   1      //#else
  607   1      //  imu660ra_read_register(IMU660RA_CHIP_ID);                                   // è¯»å–ä¸€ä¸‹è®¾å¤‡ID å°
             -†è®¾å¤‡è®¾ç½®ä¸ºSPIæ¨¡å¼
  608   1      //  imu660ra_read_register(IMU660RA_CHIP_ID);                                   // è¯»å–ä¸€ä¸‹è®¾å¤‡ID å°
             -†è®¾å¤‡è®¾ç½®ä¸ºSPIæ¨¡å¼
  609   1      //  imu660ra_read_register(IMU660RA_CHIP_ID);                                   // è¯»å–ä¸€ä¸‹è®¾å¤‡ID å°
             -†è®¾å¤‡è®¾ç½®ä¸ºSPIæ¨¡å¼
  610   1      
  611   1      //#endif
  612   1        
  613   1          do{
  614   2              if(imu660ra_self_check())                                               // IMU660RA è‡ªæ£€
  615   2              {
  616   3                  // å¦‚æœç¨‹åºåœ¨è¾“å‡ºäº†æ–­è¨€ä¿¡æ¯ å¹¶ä¸”æç¤ºå‡ºé”™ä½ç½®åœ¨è¿™é‡Œ
  617   3                  // é‚£ä¹ˆå°±æ˜¯ IMU660RA è‡ªæ£€å‡ºé”™å¹¶è¶…æ—¶é€€å‡ºäº†
  618   3                  // æ£€æŸ¥ä¸€ä¸‹æ¥çº¿æœ‰æ²¡æœ‰é—®é¢˜ å¦‚æœæ²¡é—®é¢˜å¯èƒ½å°±æ˜¯åäº†
  619   3            while(1)
  620   3            {
  621   4              printf("imu660ra self check error.\r\n");
  622   4              delay_ms(200);
  623   4            };
  624   3                  return_state = 1;
  625   3                  //break;
  626   3              }
  627   2      
  628   2              imu660ra_write_register(IMU660RA_PWR_CONF, 0x00);                       // å…³é—­é«˜çº§çœç”µæ¨¡å
             -¼
  629   2              delay_ms(10);
  630   2              imu660ra_write_register(IMU660RA_INIT_CTRL, 0x00);                      // å¼€å§‹å¯¹æ¨¡å—è¿›è¡Œå
             -ˆå§‹åŒ–é…ç½®
  631   2              imu660ra_write_registers(IMU660RA_INIT_DATA, imu660ra_config_file, sizeof(imu660ra_config_file));
             -   // è¾“å‡ºé…ç½®æ–‡ä»¶
  632   2              imu660ra_write_register(IMU660RA_INIT_CTRL, 0x01);                      // åˆå§‹åŒ–é…ç½®ç»“æŸ
  633   2              delay_ms(20);
  634   2              if(imu660ra_read_register(IMU660RA_INT_STA) == 0)                       // æ£€æŸ¥æ˜¯å¦é…ç½®å®Œæ
             -ˆ
  635   2              {
  636   3                  // å¦‚æœç¨‹åºåœ¨è¾“å‡ºäº†æ–­è¨€ä¿¡æ¯ å¹¶ä¸”æç¤ºå‡ºé”™ä½ç½®åœ¨è¿™é‡Œ
  637   3                  // é‚£ä¹ˆå°±æ˜¯ IMU660RA é…ç½®åˆå§‹åŒ–æ–‡ä»¶å‡ºé”™äº†
  638   3                  // æ£€æŸ¥ä¸€ä¸‹æ¥çº¿æœ‰æ²¡æœ‰é—®é¢˜ å¦‚æœæ²¡é—®é¢˜å¯èƒ½å°±æ˜¯åäº†
  639   3            while(1)
  640   3            {
  641   4              printf("imu660ra init error.\r\n");
C251 COMPILER V5.60.0,  SEEKFREE_IMU660RA                                                  06/04/23  23:11:21  PAGE 12  

  642   4              delay_ms(200);
  643   4            }
  644   3                  return_state = 1;
  645   3                  //break;
  646   3              }
  647   2              imu660ra_write_register(IMU660RA_PWR_CTRL, 0x0E);                       // å¼€å¯æ€§èƒ½æ¨¡å¼  ä½
             -¿èƒ½é™€èºä»ªã€åŠ é€Ÿåº¦ã€æ¸©åº¦ä¼ æ„Ÿå™¨
  648   2              imu660ra_write_register(IMU660RA_ACC_CONF, 0xA7);                       // åŠ é€Ÿåº¦é‡‡é›†é…ç½® 
             -æ€§èƒ½æ¨¡å¼ æ­£å¸¸é‡‡é›† 50Hz  é‡‡æ ·é¢‘ç‡
  649   2              imu660ra_write_register(IMU660RA_GYR_CONF, 0xA9);                       // é™€èºä»ªé‡‡é›†é…ç½® 
             -æ€§èƒ½æ¨¡å¼ æ­£å¸¸é‡‡é›† 200Hz é‡‡æ ·é¢‘ç‡
  650   2          
  651   2              imu660ra_write_register(IMU660RA_ACC_RANGE, IMU660RA_ACC_SAMPLE);       // åŠ é€Ÿåº¦é‡ç¨‹é…ç½® 
             -é…ç½®é‡ç¨‹ä¸º:Â±8g
  652   2          // IMU660RA_ACC_SAMPLE å¯„å­˜å™¨
  653   2              // è®¾ç½®ä¸º:0x00 é™€èºä»ªé‡ç¨‹ä¸º:Â±2000dps     è·å–åˆ°çš„é™€èºä»ªæ•°æ® é™¤ä»¥ 16.4       
             -å¯ä»¥è½¬åŒ–ä¸ºå¸¦ç‰©ç†å•ä½çš„æ•°æ® å•ä½ä¸ºï¼šÂ°/s
  654   2              // è®¾ç½®ä¸º:0x01 é™€èºä»ªé‡ç¨‹ä¸º:Â±1000dps     è·å–åˆ°çš„é™€èºä»ªæ•°æ® é™¤ä»¥ 32.8       
             -å¯ä»¥è½¬åŒ–ä¸ºå¸¦ç‰©ç†å•ä½çš„æ•°æ® å•ä½ä¸ºï¼šÂ°/s
  655   2              // è®¾ç½®ä¸º:0x02 é™€èºä»ªé‡ç¨‹ä¸º:Â±500 dps     è·å–åˆ°çš„é™€èºä»ªæ•°æ® é™¤ä»¥ 65.6       
             -å¯ä»¥è½¬åŒ–ä¸ºå¸¦ç‰©ç†å•ä½çš„æ•°æ® å•ä½ä¸ºï¼šÂ°/s
  656   2              // è®¾ç½®ä¸º:0x03 é™€èºä»ªé‡ç¨‹ä¸º:Â±250 dps     è·å–åˆ°çš„é™€èºä»ªæ•°æ® é™¤ä»¥ 131.2      
             -å¯ä»¥è½¬åŒ–ä¸ºå¸¦ç‰©ç†å•ä½çš„æ•°æ® å•ä½ä¸ºï¼šÂ°/s
  657   2              // è®¾ç½®ä¸º:0x04 é™€èºä»ªé‡ç¨‹ä¸º:Â±125 dps     è·å–åˆ°çš„é™€èºä»ªæ•°æ® é™¤ä»¥ 262.4      
             -å¯ä»¥è½¬åŒ–ä¸ºå¸¦ç‰©ç†å•ä½çš„æ•°æ® å•ä½ä¸ºï¼šÂ°/s
  658   2          
  659   2              imu660ra_write_register(IMU660RA_GYR_RANGE, IMU660RA_GYR_SAMPLE);       // é™€èºä»ªé‡ç¨‹é…ç½® 
             -é…ç½®é‡ç¨‹ä¸º:Â±2000dps
  660   2              // IMU660RA_GYR_RANGE å¯„å­˜å™¨
  661   2              // è®¾ç½®ä¸º:0x00 åŠ é€Ÿåº¦è®¡é‡ç¨‹ä¸º:Â±2g         è·å–åˆ°çš„åŠ é€Ÿåº¦è®¡æ•°æ® é™¤ä»¥ 16384 
             -  å¯ä»¥è½¬åŒ–ä¸ºå¸¦ç‰©ç†å•ä½çš„æ•°æ® å•ä½ï¼šg(m/s^2)
  662   2              // è®¾ç½®ä¸º:0x01 åŠ é€Ÿåº¦è®¡é‡ç¨‹ä¸º:Â±4g         è·å–åˆ°çš„åŠ é€Ÿåº¦è®¡æ•°æ® é™¤ä»¥ 8192  
             -  å¯ä»¥è½¬åŒ–ä¸ºå¸¦ç‰©ç†å•ä½çš„æ•°æ® å•ä½ï¼šg(m/s^2)
  663   2              // è®¾ç½®ä¸º:0x02 åŠ é€Ÿåº¦è®¡é‡ç¨‹ä¸º:Â±8g         è·å–åˆ°çš„åŠ é€Ÿåº¦è®¡æ•°æ® é™¤ä»¥ 4096  
             -  å¯ä»¥è½¬åŒ–ä¸ºå¸¦ç‰©ç†å•ä½çš„æ•°æ® å•ä½ï¼šg(m/s^2)
  664   2              // è®¾ç½®ä¸º:0x03 åŠ é€Ÿåº¦è®¡é‡ç¨‹ä¸º:Â±16g        è·å–åˆ°çš„åŠ é€Ÿåº¦è®¡æ•°æ® é™¤ä»¥ 2048  
             -  å¯ä»¥è½¬åŒ–ä¸ºå¸¦ç‰©ç†å•ä½çš„æ•°æ® å•ä½ï¼šg(m/s^2)
  665   2          
  666   2        }while(0);
  667   1          return return_state;
  668   1      }
  669          
  670          


Module Information          Static   Overlayable
------------------------------------------------
  code size            =       554     ------
  ecode size           =    ------     ------
  data size            =    ------     ------
  idata size           =    ------     ------
  pdata size           =    ------     ------
  xdata size           =    ------     ------
  xdata-const size     =    ------     ------
  edata size           =        12         24
  bit size             =    ------     ------
  ebit size            =    ------     ------
  bitaddressable size  =    ------     ------
  ebitaddressable size =    ------     ------
  far data size        =    ------     ------
  huge data size       =    ------     ------
  const size           =    ------     ------
  hconst size          =        88     ------
End of Module Information.


C251 COMPILATION COMPLETE.  0 WARNING(S),  0 ERROR(S)
